<?xml version="1.0" encoding="UTF-8"?>
<!-- Generated by org.testng.reporters.JUnitXMLReporter -->
<testsuite ignored="0" hostname="DESKTOP-J1HQF9G" failures="0" tests="3" name="chrome_Browser" time="31.845" errors="0" timestamp="2023-08-02T14:53:17 GMT-05:00">
  <testcase classname="test1.verificationofHomepage" name="To_clickon_TaskButton" time="8.218"/>
  <testcase classname="test1.verificationofHomepage" name="To_click_and_verifiy_Reportbutton" time="6.651"/>
  <testcase classname="test1.verificationofHomepage" name="click_and_verify_userbutton" time="4.63"/>
</testsuite> <!-- chrome_Browser -->
