<?xml version="1.0" encoding="UTF-8"?>
<!-- Generated by org.testng.reporters.JUnitXMLReporter -->
<testsuite ignored="0" hostname="DESKTOP-J1HQF9G" failures="0" tests="3" name="fire_foxBrowser" time="7.479" errors="0" timestamp="2023-08-02T14:53:25 GMT-05:00">
  <testcase classname="test1.verificationofHomepage" name="To_clickon_TaskButton" time="0.0">
    <skipped/>
  </testcase> <!-- To_clickon_TaskButton -->
  <testcase classname="test1.verificationofHomepage" name="To_click_and_verifiy_Reportbutton" time="0.0">
    <skipped/>
  </testcase> <!-- To_click_and_verifiy_Reportbutton -->
  <testcase classname="test1.verificationofHomepage" name="click_and_verify_userbutton" time="0.0">
    <skipped/>
  </testcase> <!-- click_and_verify_userbutton -->
</testsuite> <!-- fire_foxBrowser -->
