<?xml version="1.0" encoding="UTF-8"?>
<!-- Generated by org.testng.reporters.JUnitXMLReporter -->
<testsuite ignored="2" hostname="DESKTOP-J1HQF9G" failures="0" tests="1" name="firefox" time="24.549" errors="0" timestamp="2023-08-04T17:47:55 GMT-05:00">
  <testcase classname="test1.verificationofHomepage" name="To_clickon_TaskButton" time="4.502"/>
  <testcase classname="test1.verificationofHomepage" name="click_and_verify_userbutton" time="0.0">
    <ignored/>
  </testcase> <!-- click_and_verify_userbutton -->
  <testcase classname="test1.verificationofHomepage" name="To_click_and_verifiy_Reportbutton" time="0.0">
    <ignored/>
  </testcase> <!-- To_click_and_verifiy_Reportbutton -->
</testsuite> <!-- firefox -->
