<?xml version="1.0" encoding="UTF-8"?>
<!-- Generated by org.testng.reporters.JUnitXMLReporter -->
<testsuite ignored="0" hostname="DESKTOP-J1HQF9G" failures="0" tests="4" name="Test" time="79.196" errors="0" timestamp="2023-08-02T13:15:51 GMT-05:00">
  <testcase classname="assertion.Assert_fail" name="click_and_verify_userbutton" time="19.268"/>
  <testcase classname="test1.verificationofHomepage" name="To_clickon_TaskButton" time="29.438"/>
  <testcase classname="test1.verificationofHomepage" name="To_click_and_verifiy_Reportbutton" time="13.485"/>
  <testcase classname="test1.verificationofHomepage" name="click_and_verify_userbutton" time="6.299"/>
</testsuite> <!-- Test -->
